<?xml version="1.0" encoding="UTF-8"?>
<!-- Generated by org.testng.reporters.JUnitReportReporter -->
<testsuite hostname="DESKTOP-8Q41GAR" failures="0" tests="1" name="scripts.NewTest" time="0.014" errors="0" timestamp="2022-08-10T19:04:18 IST" skipped="0">
  <testcase classname="scripts.NewTest" name="f" time="0.014"/>
  <system-out/>
</testsuite> <!-- scripts.NewTest -->
