<?xml version="1.0" encoding="UTF-8"?>
<!-- Generated by org.testng.reporters.JUnitReportReporter -->
<testsuite hostname="DESKTOP-8Q41GAR" failures="0" tests="1" name="scripts.Test1" time="0.018" errors="0" timestamp="2022-08-01T11:53:29 IST" skipped="0">
  <testcase classname="scripts.Test1" name="tc1" time="0.018"/>
  <system-out>
selenium  </system-out>
</testsuite> <!-- scripts.Test1 -->
