<?xml version="1.0" encoding="UTF-8"?>
<!-- Generated by org.testng.reporters.JUnitReportReporter -->
<testsuite skipped="0" hostname="DESKTOP-8Q41GAR" name="scripts.Test3" tests="1" failures="0" timestamp="2022-08-08T16:20:08 IST" time="0.009" errors="0">
  <testcase name="tc3" time="0.009" classname="scripts.Test3"/>
  <system-out>
python  </system-out>
</testsuite> <!-- scripts.Test3 -->
