<?xml version="1.0" encoding="UTF-8"?>
<!-- Generated by org.testng.reporters.JUnitReportReporter -->
<testsuite skipped="0" hostname="DESKTOP-8Q41GAR" name="scripts.Test1" tests="1" failures="0" timestamp="2022-08-08T16:20:08 IST" time="0.002" errors="0">
  <testcase name="tc1" time="0.002" classname="scripts.Test1"/>
  <system-out>
selenium  </system-out>
</testsuite> <!-- scripts.Test1 -->
