<?xml version="1.0" encoding="UTF-8"?>
<!-- Generated by org.testng.reporters.JUnitReportReporter -->
<testsuite skipped="0" hostname="DESKTOP-8Q41GAR" name="scripts.Test2" tests="1" failures="0" timestamp="2022-08-08T16:20:08 IST" time="0.000" errors="0">
  <testcase name="tc2" time="0.000" classname="scripts.Test2"/>
  <system-out>
java  </system-out>
</testsuite> <!-- scripts.Test2 -->
